<?xml version="1.0" encoding="UTF-8"?>
<!-- Generated by org.testng.reporters.JUnitXMLReporter -->
<testsuite ignored="1" hostname="LAPTOP-0THLNP35" failures="0" tests="2" name="Test" time="28.411" errors="0" timestamp="2024-04-11T15:35:19 IST">
  <testcase classname="TestScripts.HomeTest" name="home_002" time="3.514"/>
  <testcase classname="TestScripts.HomeTest" name="home_003" time="8.681"/>
  <testcase classname="TestScripts.HomeTest" name="home_001" time="0.0">
    <ignored/>
  </testcase> <!-- home_001 -->
</testsuite> <!-- Test -->
